[13:02:50.632] Global cache location '/home/andresser17/.cache/typescript/4.3', safe file path '/usr/lib/node_modules/typescript/lib/typingSafeList.json', types map path /usr/lib/node_modules/typescript/lib/typesMap.json
[13:02:50.634] Processing cache location '/home/andresser17/.cache/typescript/4.3'
[13:02:50.634] Trying to find '/home/andresser17/.cache/typescript/4.3/package.json'...
[13:02:50.634] Finished processing cache location '/home/andresser17/.cache/typescript/4.3'
[13:02:50.635] Process id: 20294
[13:02:50.635] NPM location: /usr/bin/npm (explicit '--npmLocation' not  provided)
[13:02:50.635] validateDefaultNpmLocation: false
[13:02:50.636] Npm config file: /home/andresser17/.cache/typescript/4.3/package.json
[13:02:50.636] Npm config file: '/home/andresser17/.cache/typescript/4.3/package.json' is missing, creating new one...
[13:02:50.638] Updating types-registry npm package...
[13:02:50.639] Exec: /usr/bin/npm install --ignore-scripts types-registry@latest
[13:02:53.230]     Succeeded. stdout:
    
    added 1 package, and audited 2 packages in 2s

found 0 vulnerabilities

[13:02:53.231] Updated types-registry npm package
[13:02:53.283] Got install request {"projectName":"/dev/null/inferredProject1*","fileNames":["/usr/lib/node_modules/typescript/lib/lib.es5.d.ts","/usr/lib/node_modules/typescript/lib/lib.es2015.d.ts","/usr/lib/node_modules/typescript/lib/lib.es2016.d.ts","/usr/lib/node_modules/typescript/lib/lib.dom.d.ts","/usr/lib/node_modules/typescript/lib/lib.dom.iterable.d.ts","/usr/lib/node_modules/typescript/lib/lib.webworker.importscripts.d.ts","/usr/lib/node_modules/typescript/lib/lib.scripthost.d.ts","/usr/lib/node_modules/typescript/lib/lib.es2015.core.d.ts","/usr/lib/node_modules/typescript/lib/lib.es2015.collection.d.ts","/usr/lib/node_modules/typescript/lib/lib.es2015.generator.d.ts","/usr/lib/node_modules/typescript/lib/lib.es2015.iterable.d.ts","/usr/lib/node_modules/typescript/lib/lib.es2015.promise.d.ts","/usr/lib/node_modules/typescript/lib/lib.es2015.proxy.d.ts","/usr/lib/node_modules/typescript/lib/lib.es2015.reflect.d.ts","/usr/lib/node_modules/typescript/lib/lib.es2015.symbol.d.ts","/usr/lib/node_modules/typescript/lib/lib.es2015.symbol.wellknown.d.ts","/usr/lib/node_modules/typescript/lib/lib.es2016.array.include.d.ts","/usr/lib/node_modules/typescript/lib/lib.es2016.full.d.ts","/home/andresser17/Projects/landing-page/main.js"],"compilerOptions":{"module":1,"target":3,"jsx":1,"allowJs":true,"allowSyntheticDefaultImports":true,"allowNonTsExtensions":true,"noEmitForJsFiles":true,"maxNodeModuleJsDepth":2},"typeAcquisition":{"enable":true,"include":[],"exclude":[]},"unresolvedImports":[],"projectRootPath":"/home/andresser17/Projects/landing-page","kind":"discover"}
[13:02:53.340] Loaded safelist from types map file '/usr/lib/node_modules/typescript/lib/typesMap.json'
[13:02:53.342] Explicitly included types: []
[13:02:53.344] Inferred typings from unresolved imports: []
[13:02:53.344] Result: {"cachedTypingPaths":[],"newTypingNames":[],"filesToWatch":["/home/andresser17/Projects/landing-page/bower_components","/home/andresser17/Projects/landing-page/node_modules"]}
[13:02:53.344] Finished typings discovery: {"cachedTypingPaths":[],"newTypingNames":[],"filesToWatch":["/home/andresser17/Projects/landing-page/bower_components","/home/andresser17/Projects/landing-page/node_modules"]}
[13:02:53.345] DirectoryWatcher:: Added:: WatchInfo: /home/andresser17/Projects/landing-page/bower_components
[13:02:53.347] DirectoryWatcher:: Added:: WatchInfo: /home/andresser17/Projects/landing-page/bower_components 1 undefined Project: /dev/null/inferredProject1* watcher already invoked: false
[13:02:53.355] Elapsed:: 7.928266000002623ms DirectoryWatcher:: Added:: WatchInfo: /home/andresser17/Projects/landing-page/bower_components 1 undefined Project: /dev/null/inferredProject1* watcher already invoked: false
[13:02:53.355] DirectoryWatcher:: Added:: WatchInfo: /home/andresser17/Projects/landing-page/node_modules
[13:02:53.355] DirectoryWatcher:: Added:: WatchInfo: /home/andresser17/Projects/landing-page/node_modules 1 undefined Project: /dev/null/inferredProject1* watcher already invoked: false
[13:02:53.356] Elapsed:: 0.36884599924087524ms DirectoryWatcher:: Added:: WatchInfo: /home/andresser17/Projects/landing-page/node_modules 1 undefined Project: /dev/null/inferredProject1* watcher already invoked: false
[13:02:53.356] Sending response:
    {"projectName":"/dev/null/inferredProject1*","typeAcquisition":{"enable":true,"include":[],"exclude":[]},"compilerOptions":{"module":1,"target":3,"jsx":1,"allowJs":true,"allowSyntheticDefaultImports":true,"allowNonTsExtensions":true,"noEmitForJsFiles":true,"maxNodeModuleJsDepth":2},"typings":[],"unresolvedImports":[],"kind":"action::set"}
[13:02:53.357] Response has been sent.
[13:02:53.357] No new typings were requested as a result of typings discovery
